# JRE version: Java(TM) SE Runtime Environment (8.0_40-b26) (build 1.8.0_40-b26)
# Java VM: Java HotSpot(TM) 64-Bit Server VM (25.40-b25 mixed mode windows-amd64 compressed oops)
Heap:
 PSYoungGen      total 310272K, used 95829K [0x00000000eab00000, 0x0000000100000000, 0x0000000100000000)
  eden space 271360K, 29% used [0x00000000eab00000,0x00000000ef954310,0x00000000fb400000)
  from space 38912K, 40% used [0x00000000fb400000,0x00000000fc341368,0x00000000fda00000)
  to   space 36864K, 0% used [0x00000000fdc00000,0x00000000fdc00000,0x0000000100000000)
 ParOldGen       total 136704K, used 83320K [0x00000000c0000000, 0x00000000c8580000, 0x00000000eab00000)
  object space 136704K, 60% used [0x00000000c0000000,0x00000000c515e398,0x00000000c8580000)
 Metaspace       used 76990K, capacity 77638K, committed 78080K, reserved 1114112K
  class space    used 13843K, capacity 14013K, committed 14080K, reserved 1048576K
GC Heap History (10 events):
Event: 7.146 GC heap before
{Heap before GC invocations=11 (full 0):
 PSYoungGen      total 221696K, used 217858K [0x00000000eab00000, 0x00000000f9280000, 0x0000000100000000)
  eden space 207872K, 100% used [0x00000000eab00000,0x00000000f7600000,0x00000000f7600000)
  from space 13824K, 72% used [0x00000000f8400000,0x00000000f8dc09f0,0x00000000f9180000)
  to   space 14336K, 0% used [0x00000000f7600000,0x00000000f7600000,0x00000000f8400000)
 ParOldGen       total 44032K, used 21208K [0x00000000c0000000, 0x00000000c2b00000, 0x00000000eab00000)
  object space 44032K, 48% used [0x00000000c0000000,0x00000000c14b62c0,0x00000000c2b00000)
 Metaspace       used 58126K, capacity 58810K, committed 59008K, reserved 1097728K
  class space    used 11258K, capacity 11385K, committed 11392K, reserved 1048576K
Event: 7.181 GC heap after
Heap after GC invocations=11 (full 0):
 PSYoungGen      total 222208K, used 14325K [0x00000000eab00000, 0x0000000100000000, 0x0000000100000000)
  eden space 207872K, 0% used [0x00000000eab00000,0x00000000eab00000,0x00000000f7600000)
  from space 14336K, 99% used [0x00000000f7600000,0x00000000f83fd508,0x00000000f8400000)
  to   space 23040K, 0% used [0x00000000fe980000,0x00000000fe980000,0x0000000100000000)
 ParOldGen       total 44032K, used 40247K [0x00000000c0000000, 0x00000000c2b00000, 0x00000000eab00000)
  object space 44032K, 91% used [0x00000000c0000000,0x00000000c274dd90,0x00000000c2b00000)
 Metaspace       used 58126K, capacity 58810K, committed 59008K, reserved 1097728K
  class space    used 11258K, capacity 11385K, committed 11392K, reserved 1048576K
}
Event: 7.182 GC heap before
{Heap before GC invocations=12 (full 1):
 PSYoungGen      total 222208K, used 14325K [0x00000000eab00000, 0x0000000100000000, 0x0000000100000000)
  eden space 207872K, 0% used [0x00000000eab00000,0x00000000eab00000,0x00000000f7600000)
  from space 14336K, 99% used [0x00000000f7600000,0x00000000f83fd508,0x00000000f8400000)
  to   space 23040K, 0% used [0x00000000fe980000,0x00000000fe980000,0x0000000100000000)
 ParOldGen       total 44032K, used 40247K [0x00000000c0000000, 0x00000000c2b00000, 0x00000000eab00000)
  object space 44032K, 91% used [0x00000000c0000000,0x00000000c274dd90,0x00000000c2b00000)
 Metaspace       used 58126K, capacity 58810K, committed 59008K, reserved 1097728K
  class space    used 11258K, capacity 11385K, committed 11392K, reserved 1048576K
Event: 7.284 GC heap after
Heap after GC invocations=12 (full 1):
 PSYoungGen      total 222208K, used 0K [0x00000000eab00000, 0x0000000100000000, 0x0000000100000000)
  eden space 207872K, 0% used [0x00000000eab00000,0x00000000eab00000,0x00000000f7600000)
  from space 14336K, 0% used [0x00000000f7600000,0x00000000f7600000,0x00000000f8400000)
  to   space 23040K, 0% used [0x00000000fe980000,0x00000000fe980000,0x0000000100000000)
 ParOldGen       total 77824K, used 42822K [0x00000000c0000000, 0x00000000c4c00000, 0x00000000eab00000)
  object space 77824K, 55% used [0x00000000c0000000,0x00000000c29d1bc0,0x00000000c4c00000)
 Metaspace       used 58086K, capacity 58722K, committed 59008K, reserved 1097728K
  class space    used 11248K, capacity 11357K, committed 11392K, reserved 1048576K
}
Event: 11.257 GC heap before
{Heap before GC invocations=13 (full 1):
 PSYoungGen      total 222208K, used 207872K [0x00000000eab00000, 0x0000000100000000, 0x0000000100000000)
  eden space 207872K, 100% used [0x00000000eab00000,0x00000000f7600000,0x00000000f7600000)
  from space 14336K, 0% used [0x00000000f7600000,0x00000000f7600000,0x00000000f8400000)
  to   space 23040K, 0% used [0x00000000fe980000,0x00000000fe980000,0x0000000100000000)
 ParOldGen       total 77824K, used 42822K [0x00000000c0000000, 0x00000000c4c00000, 0x00000000eab00000)
  object space 77824K, 55% used [0x00000000c0000000,0x00000000c29d1bc0,0x00000000c4c00000)
 Metaspace       used 72811K, capacity 73446K, committed 73984K, reserved 1110016K
  class space    used 13296K, capacity 13469K, committed 13568K, reserved 1048576K
Event: 11.319 GC heap after
Heap after GC invocations=13 (full 1):
 PSYoungGen      total 294400K, used 23027K [0x00000000eab00000, 0x0000000100000000, 0x0000000100000000)
  eden space 271360K, 0% used [0x00000000eab00000,0x00000000eab00000,0x00000000fb400000)
  from space 23040K, 99% used [0x00000000fe980000,0x00000000ffffced0,0x0000000100000000)
  to   space 38912K, 0% used [0x00000000fb400000,0x00000000fb400000,0x00000000fda00000)
 ParOldGen       total 77824K, used 76262K [0x00000000c0000000, 0x00000000c4c00000, 0x00000000eab00000)
  object space 77824K, 97% used [0x00000000c0000000,0x00000000c4a79a80,0x00000000c4c00000)
 Metaspace       used 72811K, capacity 73446K, committed 73984K, reserved 1110016K
  class space    used 13296K, capacity 13469K, committed 13568K, reserved 1048576K
}
Event: 11.319 GC heap before
{Heap before GC invocations=14 (full 2):
 PSYoungGen      total 294400K, used 23027K [0x00000000eab00000, 0x0000000100000000, 0x0000000100000000)
  eden space 271360K, 0% used [0x00000000eab00000,0x00000000eab00000,0x00000000fb400000)
  from space 23040K, 99% used [0x00000000fe980000,0x00000000ffffced0,0x0000000100000000)
  to   space 38912K, 0% used [0x00000000fb400000,0x00000000fb400000,0x00000000fda00000)
 ParOldGen       total 77824K, used 76262K [0x00000000c0000000, 0x00000000c4c00000, 0x00000000eab00000)
  object space 77824K, 97% used [0x00000000c0000000,0x00000000c4a79a80,0x00000000c4c00000)
 Metaspace       used 72811K, capacity 73446K, committed 73984K, reserved 1110016K
  class space    used 13296K, capacity 13469K, committed 13568K, reserved 1048576K
Event: 11.512 GC heap after
Heap after GC invocations=14 (full 2):
 PSYoungGen      total 294400K, used 5597K [0x00000000eab00000, 0x0000000100000000, 0x0000000100000000)
  eden space 271360K, 0% used [0x00000000eab00000,0x00000000eab00000,0x00000000fb400000)
  from space 23040K, 24% used [0x00000000fe980000,0x00000000feef7548,0x0000000100000000)
  to   space 38912K, 0% used [0x00000000fb400000,0x00000000fb400000,0x00000000fda00000)
 ParOldGen       total 136704K, used 77708K [0x00000000c0000000, 0x00000000c8580000, 0x00000000eab00000)
  object space 136704K, 56% used [0x00000000c0000000,0x00000000c4be31d8,0x00000000c8580000)
 Metaspace       used 72811K, capacity 73446K, committed 73984K, reserved 1110016K
  class space    used 13296K, capacity 13469K, committed 13568K, reserved 1048576K
}
Event: 16.598 GC heap before
{Heap before GC invocations=15 (full 2):
 PSYoungGen      total 294400K, used 276957K [0x00000000eab00000, 0x0000000100000000, 0x0000000100000000)
  eden space 271360K, 100% used [0x00000000eab00000,0x00000000fb400000,0x00000000fb400000)
  from space 23040K, 24% used [0x00000000fe980000,0x00000000feef7548,0x0000000100000000)
  to   space 38912K, 0% used [0x00000000fb400000,0x00000000fb400000,0x00000000fda00000)
 ParOldGen       total 136704K, used 77708K [0x00000000c0000000, 0x00000000c8580000, 0x00000000eab00000)
  object space 136704K, 56% used [0x00000000c0000000,0x00000000c4be31d8,0x00000000c8580000)
 Metaspace       used 76928K, capacity 77574K, committed 78080K, reserved 1114112K
  class space    used 13843K, capacity 14013K, committed 14080K, reserved 1048576K
Event: 16.643 GC heap after
Heap after GC invocations=15 (full 2):
 PSYoungGen      total 310272K, used 15620K [0x00000000eab00000, 0x0000000100000000, 0x0000000100000000)
  eden space 271360K, 0% used [0x00000000eab00000,0x00000000eab00000,0x00000000fb400000)
  from space 38912K, 40% used [0x00000000fb400000,0x00000000fc341368,0x00000000fda00000)
  to   space 36864K, 0% used [0x00000000fdc00000,0x00000000fdc00000,0x0000000100000000)
 ParOldGen       total 136704K, used 83320K [0x00000000c0000000, 0x00000000c8580000, 0x00000000eab00000)
  object space 136704K, 60% used [0x00000000c0000000,0x00000000c515e398,0x00000000c8580000)
 Metaspace       used 76928K, capacity 77574K, committed 78080K, reserved 1114112K
  class space    used 13843K, capacity 14013K, committed 14080K, reserved 1048576K
}

